c:\users\kacper\desktop\fotram\debug\listview.bsc
c:\users\kacper\desktop\fotram\debug\listview.sbr
c:\users\kacper\desktop\fotram\debug\networking.sbr
c:\users\kacper\desktop\fotram\debug\networking.obj
c:\users\kacper\desktop\fotram\debug\listview.obj
c:\users\kacper\desktop\fotram\debug\keygen2.exe
c:\users\kacper\desktop\fotram\debug\keygen2.ilk
c:\users\kacper\desktop\fotram\debug\keygen.pdb
c:\users\kacper\desktop\fotram\debug\listview.rsrc.res
c:\users\kacper\desktop\fotram\debug\keygen.tlog\bscmake.command.1.tlog
c:\users\kacper\desktop\fotram\debug\keygen.tlog\bscmake.read.1.tlog
c:\users\kacper\desktop\fotram\debug\keygen.tlog\bscmake.write.1.tlog
c:\users\kacper\desktop\fotram\debug\keygen.tlog\cl.command.1.tlog
c:\users\kacper\desktop\fotram\debug\keygen.tlog\cl.read.1.tlog
c:\users\kacper\desktop\fotram\debug\keygen.tlog\cl.write.1.tlog
c:\users\kacper\desktop\fotram\debug\keygen.tlog\link.command.1.tlog
c:\users\kacper\desktop\fotram\debug\keygen.tlog\link.read.1.tlog
c:\users\kacper\desktop\fotram\debug\keygen.tlog\link.write.1.tlog
c:\users\kacper\desktop\fotram\debug\keygen.tlog\rc.command.1.tlog
c:\users\kacper\desktop\fotram\debug\keygen.tlog\rc.read.1.tlog
c:\users\kacper\desktop\fotram\debug\keygen.tlog\rc.write.1.tlog
